mode: set
github.com/ChainSafe/go-libp2p-noise/crypto.go:9.82,10.19 1 1
github.com/ChainSafe/go-libp2p-noise/crypto.go:30.2,30.24 1 1
github.com/ChainSafe/go-libp2p-noise/crypto.go:10.19,11.18 1 1
github.com/ChainSafe/go-libp2p-noise/crypto.go:11.18,14.4 2 1
github.com/ChainSafe/go-libp2p-noise/crypto.go:14.9,17.4 2 1
github.com/ChainSafe/go-libp2p-noise/crypto.go:18.8,18.26 1 0
github.com/ChainSafe/go-libp2p-noise/crypto.go:18.26,19.18 1 0
github.com/ChainSafe/go-libp2p-noise/crypto.go:19.18,22.4 2 0
github.com/ChainSafe/go-libp2p-noise/crypto.go:22.9,25.4 2 0
github.com/ChainSafe/go-libp2p-noise/crypto.go:26.8,28.3 1 0
github.com/ChainSafe/go-libp2p-noise/crypto.go:33.82,35.19 2 1
github.com/ChainSafe/go-libp2p-noise/crypto.go:55.2,55.9 1 1
github.com/ChainSafe/go-libp2p-noise/crypto.go:59.2,59.23 1 1
github.com/ChainSafe/go-libp2p-noise/crypto.go:35.19,36.18 1 1
github.com/ChainSafe/go-libp2p-noise/crypto.go:36.18,39.4 2 1
github.com/ChainSafe/go-libp2p-noise/crypto.go:39.9,42.4 2 1
github.com/ChainSafe/go-libp2p-noise/crypto.go:43.8,43.26 1 0
github.com/ChainSafe/go-libp2p-noise/crypto.go:43.26,44.18 1 0
github.com/ChainSafe/go-libp2p-noise/crypto.go:44.18,47.4 2 0
github.com/ChainSafe/go-libp2p-noise/crypto.go:47.9,50.4 2 0
github.com/ChainSafe/go-libp2p-noise/crypto.go:51.8,53.3 1 0
github.com/ChainSafe/go-libp2p-noise/crypto.go:55.9,57.3 1 0
github.com/ChainSafe/go-libp2p-noise/ik_handshake.go:13.91,20.19 5 1
github.com/ChainSafe/go-libp2p-noise/ik_handshake.go:26.2,30.16 4 1
github.com/ChainSafe/go-libp2p-noise/ik_handshake.go:36.2,37.16 2 1
github.com/ChainSafe/go-libp2p-noise/ik_handshake.go:42.2,42.12 1 1
github.com/ChainSafe/go-libp2p-noise/ik_handshake.go:20.19,22.3 1 1
github.com/ChainSafe/go-libp2p-noise/ik_handshake.go:22.8,24.3 1 1
github.com/ChainSafe/go-libp2p-noise/ik_handshake.go:30.16,33.3 2 0
github.com/ChainSafe/go-libp2p-noise/ik_handshake.go:37.16,40.3 2 0
github.com/ChainSafe/go-libp2p-noise/ik_handshake.go:45.123,47.16 2 1
github.com/ChainSafe/go-libp2p-noise/ik_handshake.go:51.2,54.16 3 1
github.com/ChainSafe/go-libp2p-noise/ik_handshake.go:58.2,59.19 2 1
github.com/ChainSafe/go-libp2p-noise/ik_handshake.go:65.2,67.16 2 1
github.com/ChainSafe/go-libp2p-noise/ik_handshake.go:72.2,73.12 2 1
github.com/ChainSafe/go-libp2p-noise/ik_handshake.go:78.2,80.35 2 1
github.com/ChainSafe/go-libp2p-noise/ik_handshake.go:47.16,49.3 1 0
github.com/ChainSafe/go-libp2p-noise/ik_handshake.go:54.16,56.3 1 0
github.com/ChainSafe/go-libp2p-noise/ik_handshake.go:59.19,61.3 1 1
github.com/ChainSafe/go-libp2p-noise/ik_handshake.go:61.8,63.3 1 1
github.com/ChainSafe/go-libp2p-noise/ik_handshake.go:67.16,70.3 2 0
github.com/ChainSafe/go-libp2p-noise/ik_handshake.go:73.12,76.3 2 1
github.com/ChainSafe/go-libp2p-noise/ik_handshake.go:84.78,87.37 2 1
github.com/ChainSafe/go-libp2p-noise/ik_handshake.go:97.2,103.16 4 1
github.com/ChainSafe/go-libp2p-noise/ik_handshake.go:107.2,112.16 4 1
github.com/ChainSafe/go-libp2p-noise/ik_handshake.go:117.2,121.16 5 1
github.com/ChainSafe/go-libp2p-noise/ik_handshake.go:126.2,129.17 3 1
github.com/ChainSafe/go-libp2p-noise/ik_handshake.go:230.2,231.17 2 1
github.com/ChainSafe/go-libp2p-noise/ik_handshake.go:87.37,92.3 3 1
github.com/ChainSafe/go-libp2p-noise/ik_handshake.go:92.8,95.3 2 1
github.com/ChainSafe/go-libp2p-noise/ik_handshake.go:103.16,105.3 1 0
github.com/ChainSafe/go-libp2p-noise/ik_handshake.go:112.16,114.3 1 0
github.com/ChainSafe/go-libp2p-noise/ik_handshake.go:121.16,123.3 1 0
github.com/ChainSafe/go-libp2p-noise/ik_handshake.go:129.17,132.17 2 1
github.com/ChainSafe/go-libp2p-noise/ik_handshake.go:140.3,141.17 2 1
github.com/ChainSafe/go-libp2p-noise/ik_handshake.go:145.3,145.13 1 1
github.com/ChainSafe/go-libp2p-noise/ik_handshake.go:150.3,152.17 3 1
github.com/ChainSafe/go-libp2p-noise/ik_handshake.go:157.3,158.17 2 1
github.com/ChainSafe/go-libp2p-noise/ik_handshake.go:164.3,165.17 2 1
github.com/ChainSafe/go-libp2p-noise/ik_handshake.go:170.3,171.17 2 1
github.com/ChainSafe/go-libp2p-noise/ik_handshake.go:132.17,135.4 2 0
github.com/ChainSafe/go-libp2p-noise/ik_handshake.go:141.17,143.4 1 1
github.com/ChainSafe/go-libp2p-noise/ik_handshake.go:145.13,147.4 1 0
github.com/ChainSafe/go-libp2p-noise/ik_handshake.go:152.17,154.4 1 0
github.com/ChainSafe/go-libp2p-noise/ik_handshake.go:158.17,161.4 2 0
github.com/ChainSafe/go-libp2p-noise/ik_handshake.go:165.17,167.4 1 0
github.com/ChainSafe/go-libp2p-noise/ik_handshake.go:171.17,173.4 1 0
github.com/ChainSafe/go-libp2p-noise/ik_handshake.go:175.8,184.17 5 1
github.com/ChainSafe/go-libp2p-noise/ik_handshake.go:188.3,188.13 1 1
github.com/ChainSafe/go-libp2p-noise/ik_handshake.go:192.3,197.17 4 1
github.com/ChainSafe/go-libp2p-noise/ik_handshake.go:202.3,203.17 2 1
github.com/ChainSafe/go-libp2p-noise/ik_handshake.go:209.3,210.17 2 1
github.com/ChainSafe/go-libp2p-noise/ik_handshake.go:215.3,216.17 2 1
github.com/ChainSafe/go-libp2p-noise/ik_handshake.go:222.3,223.17 2 1
github.com/ChainSafe/go-libp2p-noise/ik_handshake.go:184.17,186.4 1 1
github.com/ChainSafe/go-libp2p-noise/ik_handshake.go:188.13,190.4 1 0
github.com/ChainSafe/go-libp2p-noise/ik_handshake.go:197.17,199.4 1 0
github.com/ChainSafe/go-libp2p-noise/ik_handshake.go:203.17,206.4 2 0
github.com/ChainSafe/go-libp2p-noise/ik_handshake.go:210.17,212.4 1 0
github.com/ChainSafe/go-libp2p-noise/ik_handshake.go:216.17,218.4 1 0
github.com/ChainSafe/go-libp2p-noise/ik_handshake.go:223.17,226.4 2 0
github.com/ChainSafe/go-libp2p-noise/protocol.go:58.66,60.32 1 1
github.com/ChainSafe/go-libp2p-noise/protocol.go:64.2,78.15 3 1
github.com/ChainSafe/go-libp2p-noise/protocol.go:60.32,62.3 1 1
github.com/ChainSafe/go-libp2p-noise/protocol.go:81.70,83.2 1 1
github.com/ChainSafe/go-libp2p-noise/protocol.go:85.52,87.2 1 1
github.com/ChainSafe/go-libp2p-noise/protocol.go:89.51,93.2 3 1
github.com/ChainSafe/go-libp2p-noise/protocol.go:95.55,100.2 4 1
github.com/ChainSafe/go-libp2p-noise/protocol.go:102.67,105.2 2 1
github.com/ChainSafe/go-libp2p-noise/protocol.go:107.72,110.2 2 1
github.com/ChainSafe/go-libp2p-noise/protocol.go:112.105,119.16 5 1
github.com/ChainSafe/go-libp2p-noise/protocol.go:125.2,125.12 1 1
github.com/ChainSafe/go-libp2p-noise/protocol.go:119.16,121.3 1 0
github.com/ChainSafe/go-libp2p-noise/protocol.go:121.8,121.16 1 1
github.com/ChainSafe/go-libp2p-noise/protocol.go:121.16,123.3 1 0
github.com/ChainSafe/go-libp2p-noise/protocol.go:128.65,133.78 2 1
github.com/ChainSafe/go-libp2p-noise/protocol.go:168.2,168.12 1 1
github.com/ChainSafe/go-libp2p-noise/protocol.go:133.78,139.17 3 1
github.com/ChainSafe/go-libp2p-noise/protocol.go:153.3,153.23 1 1
github.com/ChainSafe/go-libp2p-noise/protocol.go:139.17,145.18 3 1
github.com/ChainSafe/go-libp2p-noise/protocol.go:150.4,150.24 1 1
github.com/ChainSafe/go-libp2p-noise/protocol.go:145.18,148.5 2 0
github.com/ChainSafe/go-libp2p-noise/protocol.go:155.8,160.17 2 1
github.com/ChainSafe/go-libp2p-noise/protocol.go:165.3,165.23 1 1
github.com/ChainSafe/go-libp2p-noise/protocol.go:160.17,163.4 2 0
github.com/ChainSafe/go-libp2p-noise/protocol.go:171.46,173.2 1 0
github.com/ChainSafe/go-libp2p-noise/protocol.go:175.45,177.2 1 1
github.com/ChainSafe/go-libp2p-noise/protocol.go:179.58,181.2 1 1
github.com/ChainSafe/go-libp2p-noise/protocol.go:183.56,185.2 1 1
github.com/ChainSafe/go-libp2p-noise/protocol.go:187.55,192.16 3 1
github.com/ChainSafe/go-libp2p-noise/protocol.go:196.2,197.22 2 0
github.com/ChainSafe/go-libp2p-noise/protocol.go:192.16,194.3 1 0
github.com/ChainSafe/go-libp2p-noise/protocol.go:200.54,202.16 2 0
github.com/ChainSafe/go-libp2p-noise/protocol.go:206.2,208.16 3 0
github.com/ChainSafe/go-libp2p-noise/protocol.go:212.2,212.30 1 0
github.com/ChainSafe/go-libp2p-noise/protocol.go:202.16,204.3 1 0
github.com/ChainSafe/go-libp2p-noise/protocol.go:208.16,210.3 1 0
github.com/ChainSafe/go-libp2p-noise/protocol.go:215.47,217.2 1 0
github.com/ChainSafe/go-libp2p-noise/protocol.go:219.46,221.2 1 1
github.com/ChainSafe/go-libp2p-noise/protocol.go:223.57,225.2 1 1
github.com/ChainSafe/go-libp2p-noise/protocol.go:227.56,229.2 1 0
github.com/ChainSafe/go-libp2p-noise/protocol.go:231.60,233.2 1 0
github.com/ChainSafe/go-libp2p-noise/protocol.go:235.61,237.2 1 0
github.com/ChainSafe/go-libp2p-noise/protocol.go:239.55,245.2 3 1
github.com/ChainSafe/go-libp2p-noise/protocol.go:247.54,249.16 2 0
github.com/ChainSafe/go-libp2p-noise/protocol.go:253.2,254.16 2 0
github.com/ChainSafe/go-libp2p-noise/protocol.go:258.2,259.12 2 0
github.com/ChainSafe/go-libp2p-noise/protocol.go:249.16,251.3 1 0
github.com/ChainSafe/go-libp2p-noise/protocol.go:254.16,256.3 1 0
github.com/ChainSafe/go-libp2p-noise/protocol.go:262.39,264.2 1 1
github.com/ChainSafe/go-libp2p-noise/transport.go:26.99,28.16 2 1
github.com/ChainSafe/go-libp2p-noise/transport.go:32.2,35.15 4 1
github.com/ChainSafe/go-libp2p-noise/transport.go:28.16,30.3 1 0
github.com/ChainSafe/go-libp2p-noise/transport.go:39.111,41.16 2 1
github.com/ChainSafe/go-libp2p-noise/transport.go:45.2,48.15 4 1
github.com/ChainSafe/go-libp2p-noise/transport.go:41.16,43.3 1 0
github.com/ChainSafe/go-libp2p-noise/xx_handshake.go:14.91,21.19 5 1
github.com/ChainSafe/go-libp2p-noise/xx_handshake.go:27.2,31.16 3 1
github.com/ChainSafe/go-libp2p-noise/xx_handshake.go:37.2,38.16 2 1
github.com/ChainSafe/go-libp2p-noise/xx_handshake.go:43.2,43.12 1 1
github.com/ChainSafe/go-libp2p-noise/xx_handshake.go:21.19,23.3 1 1
github.com/ChainSafe/go-libp2p-noise/xx_handshake.go:23.8,25.3 1 1
github.com/ChainSafe/go-libp2p-noise/xx_handshake.go:31.16,34.3 2 0
github.com/ChainSafe/go-libp2p-noise/xx_handshake.go:38.16,41.3 2 0
github.com/ChainSafe/go-libp2p-noise/xx_handshake.go:46.123,48.16 2 1
github.com/ChainSafe/go-libp2p-noise/xx_handshake.go:52.2,55.16 3 1
github.com/ChainSafe/go-libp2p-noise/xx_handshake.go:59.2,60.19 2 1
github.com/ChainSafe/go-libp2p-noise/xx_handshake.go:68.2,68.16 1 1
github.com/ChainSafe/go-libp2p-noise/xx_handshake.go:73.2,74.12 2 1
github.com/ChainSafe/go-libp2p-noise/xx_handshake.go:79.2,81.35 2 1
github.com/ChainSafe/go-libp2p-noise/xx_handshake.go:48.16,50.3 1 0
github.com/ChainSafe/go-libp2p-noise/xx_handshake.go:55.16,57.3 1 0
github.com/ChainSafe/go-libp2p-noise/xx_handshake.go:60.19,62.3 1 1
github.com/ChainSafe/go-libp2p-noise/xx_handshake.go:62.8,64.3 1 1
github.com/ChainSafe/go-libp2p-noise/xx_handshake.go:68.16,71.3 2 0
github.com/ChainSafe/go-libp2p-noise/xx_handshake.go:74.12,77.3 2 0
github.com/ChainSafe/go-libp2p-noise/xx_handshake.go:85.108,88.37 2 1
github.com/ChainSafe/go-libp2p-noise/xx_handshake.go:98.2,104.16 4 1
github.com/ChainSafe/go-libp2p-noise/xx_handshake.go:108.2,113.16 4 1
github.com/ChainSafe/go-libp2p-noise/xx_handshake.go:118.2,125.16 6 1
github.com/ChainSafe/go-libp2p-noise/xx_handshake.go:131.2,133.17 2 1
github.com/ChainSafe/go-libp2p-noise/xx_handshake.go:355.2,356.12 2 1
github.com/ChainSafe/go-libp2p-noise/xx_handshake.go:88.37,93.3 3 1
github.com/ChainSafe/go-libp2p-noise/xx_handshake.go:93.8,96.3 2 1
github.com/ChainSafe/go-libp2p-noise/xx_handshake.go:104.16,106.3 1 0
github.com/ChainSafe/go-libp2p-noise/xx_handshake.go:113.16,116.3 2 0
github.com/ChainSafe/go-libp2p-noise/xx_handshake.go:125.16,128.3 2 0
github.com/ChainSafe/go-libp2p-noise/xx_handshake.go:133.17,136.16 1 1
github.com/ChainSafe/go-libp2p-noise/xx_handshake.go:155.3,157.16 3 1
github.com/ChainSafe/go-libp2p-noise/xx_handshake.go:188.3,194.16 3 1
github.com/ChainSafe/go-libp2p-noise/xx_handshake.go:207.3,209.17 3 1
github.com/ChainSafe/go-libp2p-noise/xx_handshake.go:214.3,215.17 2 1
github.com/ChainSafe/go-libp2p-noise/xx_handshake.go:221.3,222.26 2 1
github.com/ChainSafe/go-libp2p-noise/xx_handshake.go:229.3,230.17 2 1
github.com/ChainSafe/go-libp2p-noise/xx_handshake.go:234.3,234.60 1 1
github.com/ChainSafe/go-libp2p-noise/xx_handshake.go:136.16,138.18 2 1
github.com/ChainSafe/go-libp2p-noise/xx_handshake.go:138.18,140.5 1 0
github.com/ChainSafe/go-libp2p-noise/xx_handshake.go:141.9,151.4 6 1
github.com/ChainSafe/go-libp2p-noise/xx_handshake.go:157.16,160.18 2 1
github.com/ChainSafe/go-libp2p-noise/xx_handshake.go:164.4,164.14 1 1
github.com/ChainSafe/go-libp2p-noise/xx_handshake.go:160.18,162.5 1 0
github.com/ChainSafe/go-libp2p-noise/xx_handshake.go:164.14,166.5 1 0
github.com/ChainSafe/go-libp2p-noise/xx_handshake.go:167.9,173.18 4 1
github.com/ChainSafe/go-libp2p-noise/xx_handshake.go:178.4,179.14 2 1
github.com/ChainSafe/go-libp2p-noise/xx_handshake.go:173.18,176.5 2 0
github.com/ChainSafe/go-libp2p-noise/xx_handshake.go:179.14,182.5 2 0
github.com/ChainSafe/go-libp2p-noise/xx_handshake.go:194.16,196.18 2 1
github.com/ChainSafe/go-libp2p-noise/xx_handshake.go:196.18,198.5 1 0
github.com/ChainSafe/go-libp2p-noise/xx_handshake.go:199.9,201.18 2 1
github.com/ChainSafe/go-libp2p-noise/xx_handshake.go:201.18,203.5 1 0
github.com/ChainSafe/go-libp2p-noise/xx_handshake.go:209.17,211.4 1 0
github.com/ChainSafe/go-libp2p-noise/xx_handshake.go:215.17,218.4 2 0
github.com/ChainSafe/go-libp2p-noise/xx_handshake.go:222.26,224.4 1 0
github.com/ChainSafe/go-libp2p-noise/xx_handshake.go:224.9,224.24 1 1
github.com/ChainSafe/go-libp2p-noise/xx_handshake.go:224.24,226.4 1 0
github.com/ChainSafe/go-libp2p-noise/xx_handshake.go:230.17,232.4 1 0
github.com/ChainSafe/go-libp2p-noise/xx_handshake.go:236.8,244.16 4 1
github.com/ChainSafe/go-libp2p-noise/xx_handshake.go:295.3,300.17 3 1
github.com/ChainSafe/go-libp2p-noise/xx_handshake.go:307.3,308.17 2 1
github.com/ChainSafe/go-libp2p-noise/xx_handshake.go:312.3,312.13 1 1
github.com/ChainSafe/go-libp2p-noise/xx_handshake.go:316.3,320.15 3 1
github.com/ChainSafe/go-libp2p-noise/xx_handshake.go:342.3,346.17 3 1
github.com/ChainSafe/go-libp2p-noise/xx_handshake.go:351.3,352.66 2 1
github.com/ChainSafe/go-libp2p-noise/xx_handshake.go:244.16,247.18 2 1
github.com/ChainSafe/go-libp2p-noise/xx_handshake.go:251.4,251.14 1 1
github.com/ChainSafe/go-libp2p-noise/xx_handshake.go:256.4,257.18 2 1
github.com/ChainSafe/go-libp2p-noise/xx_handshake.go:262.4,263.18 2 1
github.com/ChainSafe/go-libp2p-noise/xx_handshake.go:269.4,270.18 2 1
github.com/ChainSafe/go-libp2p-noise/xx_handshake.go:247.18,249.5 1 0
github.com/ChainSafe/go-libp2p-noise/xx_handshake.go:251.14,253.5 1 0
github.com/ChainSafe/go-libp2p-noise/xx_handshake.go:257.18,259.5 1 0
github.com/ChainSafe/go-libp2p-noise/xx_handshake.go:263.18,266.5 2 0
github.com/ChainSafe/go-libp2p-noise/xx_handshake.go:270.18,272.5 1 0
github.com/ChainSafe/go-libp2p-noise/xx_handshake.go:274.9,281.18 5 1
github.com/ChainSafe/go-libp2p-noise/xx_handshake.go:286.4,287.14 2 1
github.com/ChainSafe/go-libp2p-noise/xx_handshake.go:281.18,284.5 2 0
github.com/ChainSafe/go-libp2p-noise/xx_handshake.go:287.14,290.5 2 0
github.com/ChainSafe/go-libp2p-noise/xx_handshake.go:300.17,302.4 1 0
github.com/ChainSafe/go-libp2p-noise/xx_handshake.go:308.17,310.4 1 0
github.com/ChainSafe/go-libp2p-noise/xx_handshake.go:312.13,314.4 1 0
github.com/ChainSafe/go-libp2p-noise/xx_handshake.go:320.15,323.18 2 1
github.com/ChainSafe/go-libp2p-noise/xx_handshake.go:328.4,329.18 2 1
github.com/ChainSafe/go-libp2p-noise/xx_handshake.go:335.4,336.18 2 1
github.com/ChainSafe/go-libp2p-noise/xx_handshake.go:323.18,325.5 1 0
github.com/ChainSafe/go-libp2p-noise/xx_handshake.go:329.18,332.5 2 0
github.com/ChainSafe/go-libp2p-noise/xx_handshake.go:336.18,339.5 2 0
github.com/ChainSafe/go-libp2p-noise/xx_handshake.go:346.17,349.4 2 0
